<?xml version="1.0" encoding="UTF-8"?>
<!-- Generated by org.testng.reporters.JUnitReportReporter -->
<testsuite skipped="3" hostname="LAPTOP-VCDSLDGR" name="testng.usa.practice.AmazonTestngClass" tests="4" failures="0" timestamp="12 Nov 2020 22:34:42 GMT" time="9.257" errors="1">
  <testcase name="finalTest1" time="0.000" classname="testng.usa.practice.AmazonTestngClass">
    <skipped/>
  </testcase> <!-- finalTest1 -->
  <testcase name="finalTest2" time="0.000" classname="testng.usa.practice.AmazonTestngClass">
    <skipped/>
  </testcase> <!-- finalTest2 -->
  <testcase name="test" time="9.257" classname="testng.usa.practice.AmazonTestngClass">
    <error type="org.openqa.selenium.SessionNotCreatedException" message="session not created
from disconnected: received Inspector.detached event
  (Session info: chrome=86.0.4240.193)
Build info: version: &#039;3.141.59&#039;, revision: &#039;e82be7d358&#039;, time: &#039;2018-11-14T08:17:03&#039;
System info: host: &#039;LAPTOP-VCDSLDGR&#039;, ip: &#039;192.168.1.162&#039;, os.name: &#039;Windows 10&#039;, os.arch: &#039;amd64&#039;, os.version: &#039;10.0&#039;, java.version: &#039;1.8.0_261&#039;
Driver info: driver.version: ChromeDriver
remote stacktrace: Backtrace:
	Ordinal0 [0x0061C013+3194899]
	Ordinal0 [0x00506021+2056225]
	Ordinal0 [0x0039F608+587272]
	Ordinal0 [0x0039421D+541213]
	Ordinal0 [0x00393F34+540468]
	Ordinal0 [0x0039364A+538186]
	Ordinal0 [0x00392A6F+535151]
	Ordinal0 [0x00392E45+536133]
	Ordinal0 [0x003927A5+534437]
	Ordinal0 [0x0039BBC9+572361]
	Ordinal0 [0x00392754+534356]
	Ordinal0 [0x00393475+537717]
	Ordinal0 [0x00392A6F+535151]
	Ordinal0 [0x00392E45+536133]
	Ordinal0 [0x003927A5+534437]
	Ordinal0 [0x00399EFE+564990]
	Ordinal0 [0x00392754+534356]
	Ordinal0 [0x00393475+537717]
	Ordinal0 [0x00392A6F+535151]
	Ordinal0 [0x00392E45+536133]
	Ordinal0 [0x003927A5+534437]
	Ordinal0 [0x00398186+557446]
	Ordinal0 [0x00392754+534356]
	Ordinal0 [0x00393475+537717]
	Ordinal0 [0x00392A6F+535151]
	Ordinal0 [0x00392E45+536133]
	Ordinal0 [0x003927A5+534437]
	Ordinal0 [0x003974A7+554151]
	Ordinal0 [0x00392754+534356]
	Ordinal0 [0x00393475+537717]
	Ordinal0 [0x00392A6F+535151]
	Ordinal0 [0x00392E45+536133]
	Ordinal0 [0x003927A5+534437]
	Ordinal0 [0x0038F06C+520300]
	Ordinal0 [0x00392754+534356]
	Ordinal0 [0x003925BF+533951]
	Ordinal0 [0x003923D3+533459]
	Ordinal0 [0x003A0620+591392]
	Ordinal0 [0x00342A0C+207372]
	Ordinal0 [0x00341D0D+204045]
	Ordinal0 [0x0033FC1B+195611]
	Ordinal0 [0x00323B7F+80767]
	Ordinal0 [0x00324B4E+84814]
	Ordinal0 [0x00324AD9+84697]
	Ordinal0 [0x0051CE64+2149988]
	GetHandleVerifier [0x0078BE95+1400773]
	GetHandleVerifier [0x0078BB61+1399953]
	GetHandleVerifier [0x007931FA+1430314]
	GetHandleVerifier [0x0078C69F+1402831]
	Ordinal0 [0x00513D61+2112865]
	Ordinal0 [0x0051E5CB+2155979]
	Ordinal0 [0x0051E6F5+2156277]
	Ordinal0 [0x0052F26E+2224750]
	BaseThreadInitThunk [0x7747FA29+25]
	RtlGetAppContainerNamedObjectPath [0x776875F4+228]
	RtlGetAppContainerNamedObjectPath [0x776875C4+180]
">
      <![CDATA[org.openqa.selenium.SessionNotCreatedException: session not created
from disconnected: received Inspector.detached event
  (Session info: chrome=86.0.4240.193)
Build info: version: '3.141.59', revision: 'e82be7d358', time: '2018-11-14T08:17:03'
System info: host: 'LAPTOP-VCDSLDGR', ip: '192.168.1.162', os.name: 'Windows 10', os.arch: 'amd64', os.version: '10.0', java.version: '1.8.0_261'
Driver info: driver.version: ChromeDriver
remote stacktrace: Backtrace:
Ordinal0 [0x0061C013+3194899]
Ordinal0 [0x00506021+2056225]
Ordinal0 [0x0039F608+587272]
Ordinal0 [0x0039421D+541213]
Ordinal0 [0x00393F34+540468]
Ordinal0 [0x0039364A+538186]
Ordinal0 [0x00392A6F+535151]
Ordinal0 [0x00392E45+536133]
Ordinal0 [0x003927A5+534437]
Ordinal0 [0x0039BBC9+572361]
Ordinal0 [0x00392754+534356]
Ordinal0 [0x00393475+537717]
Ordinal0 [0x00392A6F+535151]
Ordinal0 [0x00392E45+536133]
Ordinal0 [0x003927A5+534437]
Ordinal0 [0x00399EFE+564990]
Ordinal0 [0x00392754+534356]
Ordinal0 [0x00393475+537717]
Ordinal0 [0x00392A6F+535151]
Ordinal0 [0x00392E45+536133]
Ordinal0 [0x003927A5+534437]
Ordinal0 [0x00398186+557446]
Ordinal0 [0x00392754+534356]
Ordinal0 [0x00393475+537717]
Ordinal0 [0x00392A6F+535151]
Ordinal0 [0x00392E45+536133]
Ordinal0 [0x003927A5+534437]
Ordinal0 [0x003974A7+554151]
Ordinal0 [0x00392754+534356]
Ordinal0 [0x00393475+537717]
Ordinal0 [0x00392A6F+535151]
Ordinal0 [0x00392E45+536133]
Ordinal0 [0x003927A5+534437]
Ordinal0 [0x0038F06C+520300]
Ordinal0 [0x00392754+534356]
Ordinal0 [0x003925BF+533951]
Ordinal0 [0x003923D3+533459]
Ordinal0 [0x003A0620+591392]
Ordinal0 [0x00342A0C+207372]
Ordinal0 [0x00341D0D+204045]
Ordinal0 [0x0033FC1B+195611]
Ordinal0 [0x00323B7F+80767]
Ordinal0 [0x00324B4E+84814]
Ordinal0 [0x00324AD9+84697]
Ordinal0 [0x0051CE64+2149988]
GetHandleVerifier [0x0078BE95+1400773]
GetHandleVerifier [0x0078BB61+1399953]
GetHandleVerifier [0x007931FA+1430314]
GetHandleVerifier [0x0078C69F+1402831]
Ordinal0 [0x00513D61+2112865]
Ordinal0 [0x0051E5CB+2155979]
Ordinal0 [0x0051E6F5+2156277]
Ordinal0 [0x0052F26E+2224750]
BaseThreadInitThunk [0x7747FA29+25]
RtlGetAppContainerNamedObjectPath [0x776875F4+228]
RtlGetAppContainerNamedObjectPath [0x776875C4+180]

at sun.reflect.NativeConstructorAccessorImpl.newInstance0(Native Method)
at sun.reflect.NativeConstructorAccessorImpl.newInstance(NativeConstructorAccessorImpl.java:62)
at sun.reflect.DelegatingConstructorAccessorImpl.newInstance(DelegatingConstructorAccessorImpl.java:45)
at java.lang.reflect.Constructor.newInstance(Constructor.java:423)
at org.openqa.selenium.remote.W3CHandshakeResponse.lambda$errorHandler$0(W3CHandshakeResponse.java:62)
at org.openqa.selenium.remote.HandshakeResponse.lambda$getResponseFunction$0(HandshakeResponse.java:30)
at org.openqa.selenium.remote.ProtocolHandshake.lambda$createSession$0(ProtocolHandshake.java:126)
at java.util.stream.ReferencePipeline$3$1.accept(ReferencePipeline.java:193)
at java.util.Spliterators$ArraySpliterator.tryAdvance(Spliterators.java:958)
at java.util.stream.ReferencePipeline.forEachWithCancel(ReferencePipeline.java:126)
at java.util.stream.AbstractPipeline.copyIntoWithCancel(AbstractPipeline.java:499)
at java.util.stream.AbstractPipeline.copyInto(AbstractPipeline.java:486)
at java.util.stream.AbstractPipeline.wrapAndCopyInto(AbstractPipeline.java:472)
at java.util.stream.FindOps$FindOp.evaluateSequential(FindOps.java:152)
at java.util.stream.AbstractPipeline.evaluate(AbstractPipeline.java:234)
at java.util.stream.ReferencePipeline.findFirst(ReferencePipeline.java:464)
at org.openqa.selenium.remote.ProtocolHandshake.createSession(ProtocolHandshake.java:128)
at org.openqa.selenium.remote.ProtocolHandshake.createSession(ProtocolHandshake.java:74)
at org.openqa.selenium.remote.HttpCommandExecutor.execute(HttpCommandExecutor.java:136)
at org.openqa.selenium.remote.service.DriverCommandExecutor.execute(DriverCommandExecutor.java:83)
at org.openqa.selenium.remote.RemoteWebDriver.execute(RemoteWebDriver.java:552)
at org.openqa.selenium.remote.RemoteWebDriver.startSession(RemoteWebDriver.java:213)
at org.openqa.selenium.remote.RemoteWebDriver.<init>(RemoteWebDriver.java:131)
at org.openqa.selenium.chrome.ChromeDriver.<init>(ChromeDriver.java:181)
at org.openqa.selenium.chrome.ChromeDriver.<init>(ChromeDriver.java:168)
at org.openqa.selenium.chrome.ChromeDriver.<init>(ChromeDriver.java:123)
at testng.usa.practice.AmazonTestngClass.test(AmazonTestngClass.java:19)
at sun.reflect.NativeMethodAccessorImpl.invoke0(Native Method)
at sun.reflect.NativeMethodAccessorImpl.invoke(NativeMethodAccessorImpl.java:62)
at sun.reflect.DelegatingMethodAccessorImpl.invoke(DelegatingMethodAccessorImpl.java:43)
at java.lang.reflect.Method.invoke(Method.java:498)
at org.testng.internal.MethodInvocationHelper.invokeMethod(MethodInvocationHelper.java:124)
at org.testng.internal.MethodInvocationHelper.invokeMethodConsideringTimeout(MethodInvocationHelper.java:59)
at org.testng.internal.Invoker.invokeConfigurationMethod(Invoker.java:458)
at org.testng.internal.Invoker.invokeConfigurations(Invoker.java:222)
at org.testng.internal.Invoker.invokeConfigurations(Invoker.java:142)
at org.testng.TestRunner.beforeRun(TestRunner.java:529)
at org.testng.TestRunner.run(TestRunner.java:497)
at org.testng.SuiteRunner.runTest(SuiteRunner.java:455)
at org.testng.SuiteRunner.runSequentially(SuiteRunner.java:450)
at org.testng.SuiteRunner.privateRun(SuiteRunner.java:415)
at org.testng.SuiteRunner.run(SuiteRunner.java:364)
at org.testng.SuiteRunnerWorker.runSuite(SuiteRunnerWorker.java:52)
at org.testng.SuiteRunnerWorker.run(SuiteRunnerWorker.java:84)
at org.testng.TestNG.runSuitesSequentially(TestNG.java:1208)
at org.testng.TestNG.runSuitesLocally(TestNG.java:1137)
at org.testng.TestNG.runSuites(TestNG.java:1049)
at org.testng.TestNG.run(TestNG.java:1017)
at org.testng.remote.AbstractRemoteTestNG.run(AbstractRemoteTestNG.java:115)
at org.testng.remote.RemoteTestNG.initAndRun(RemoteTestNG.java:251)
at org.testng.remote.RemoteTestNG.main(RemoteTestNG.java:77)
]]>
    </error>
  </testcase> <!-- test -->
  <testcase name="finalTest3" time="0.000" classname="testng.usa.practice.AmazonTestngClass">
    <skipped/>
  </testcase> <!-- finalTest3 -->
</testsuite> <!-- testng.usa.practice.AmazonTestngClass -->
